app/build/intermediates/manifest_merge_blame_file/debug/manifest-merger-blame-debug-report.txt
1<?xml version="1.0" encoding="utf-8"?>
2<manifest xmlns:android="http://schemas.android.com/apk/res/android"
3    package="com.naijameals.driver"
4    android:versionCode="1"
5    android:versionName="1.0" >
6
7    <uses-sdk
8        android:minSdkVersion="24"
9        android:targetSdkVersion="34" />
10
11    <uses-permission android:name="android.permission.INTERNET" />
11-->src\main\AndroidManifest.xml:5:5-67
11-->src\main\AndroidManifest.xml:5:22-64
12    <uses-permission android:name="android.permission.ACCESS_FINE_LOCATION" />
12-->src\main\AndroidManifest.xml:6:5-79
12-->src\main\AndroidManifest.xml:6:22-76
13    <uses-permission android:name="android.permission.ACCESS_COARSE_LOCATION" />
13-->src\main\AndroidManifest.xml:7:5-81
13-->src\main\AndroidManifest.xml:7:22-78
14    <uses-permission android:name="android.permission.FOREGROUND_SERVICE" />
14-->src\main\AndroidManifest.xml:8:5-77
14-->src\main\AndroidManifest.xml:8:22-74
15    <uses-permission android:name="android.permission.FOREGROUND_SERVICE_LOCATION" />
15-->src\main\AndroidManifest.xml:9:5-86
15-->src\main\AndroidManifest.xml:9:22-83
16    <uses-permission android:name="android.permission.POST_NOTIFICATIONS" />
16-->src\main\AndroidManifest.xml:10:5-77
16-->src\main\AndroidManifest.xml:10:22-74
17    <uses-permission android:name="android.permission.VIBRATE" />
17-->src\main\AndroidManifest.xml:11:5-66
17-->src\main\AndroidManifest.xml:11:22-63
18    <uses-permission android:name="android.permission.USE_FULL_SCREEN_INTENT" />
18-->src\main\AndroidManifest.xml:12:5-81
18-->src\main\AndroidManifest.xml:12:22-78
19    <uses-permission android:name="android.permission.WAKE_LOCK" />
19-->src\main\AndroidManifest.xml:13:5-68
19-->src\main\AndroidManifest.xml:13:22-65
20    <uses-permission android:name="android.permission.ACCESS_NETWORK_STATE" /> <!-- Required by older versions of Google Play services to create IID tokens -->
20-->[com.google.firebase:firebase-messaging:23.4.0] AndroidManifest.xml:22:5-79
20-->[com.google.firebase:firebase-messaging:23.4.0] AndroidManifest.xml:22:22-76
21    <uses-permission android:name="com.google.android.c2dm.permission.RECEIVE" />
21-->[com.google.firebase:firebase-messaging:23.4.0] AndroidManifest.xml:26:5-82
21-->[com.google.firebase:firebase-messaging:23.4.0] AndroidManifest.xml:26:22-79
22
23    <permission
23-->[androidx.core:core:1.9.0] AndroidManifest.xml:22:5-24:47
24        android:name="com.naijameals.driver.DYNAMIC_RECEIVER_NOT_EXPORTED_PERMISSION"
24-->[androidx.core:core:1.9.0] AndroidManifest.xml:23:9-81
25        android:protectionLevel="signature" />
25-->[androidx.core:core:1.9.0] AndroidManifest.xml:24:9-44
26
27    <uses-permission android:name="com.naijameals.driver.DYNAMIC_RECEIVER_NOT_EXPORTED_PERMISSION" />
27-->[androidx.core:core:1.9.0] AndroidManifest.xml:26:5-97
27-->[androidx.core:core:1.9.0] AndroidManifest.xml:26:22-94
28
29    <application
29-->src\main\AndroidManifest.xml:15:5-109:19
30        android:name="com.naijameals.driver.DriverApplication"
30-->src\main\AndroidManifest.xml:16:9-42
31        android:allowBackup="true"
31-->src\main\AndroidManifest.xml:17:9-35
32        android:appComponentFactory="androidx.core.app.CoreComponentFactory"
32-->[androidx.core:core:1.9.0] AndroidManifest.xml:28:18-86
33        android:debuggable="true"
34        android:extractNativeLibs="false"
35        android:icon="@drawable/main"
35-->src\main\AndroidManifest.xml:18:9-38
36        android:label="@string/app_name"
36-->src\main\AndroidManifest.xml:19:9-41
37        android:networkSecurityConfig="@xml/network_security_config"
37-->src\main\AndroidManifest.xml:24:9-69
38        android:roundIcon="@drawable/main"
38-->src\main\AndroidManifest.xml:20:9-43
39        android:supportsRtl="true"
39-->src\main\AndroidManifest.xml:21:9-35
40        android:theme="@style/Theme.DriverApp"
40-->src\main\AndroidManifest.xml:22:9-47
41        android:usesCleartextTraffic="true" >
41-->src\main\AndroidManifest.xml:23:9-44
42
43        <!-- Firebase default notification channel (shown when app is in background) -->
44        <meta-data
44-->src\main\AndroidManifest.xml:28:9-30:45
45            android:name="com.google.firebase.messaging.default_notification_channel_id"
45-->src\main\AndroidManifest.xml:29:13-89
46            android:value="driver_alerts" />
46-->src\main\AndroidManifest.xml:30:13-42
47        <meta-data
47-->src\main\AndroidManifest.xml:32:9-34:57
48            android:name="com.google.firebase.messaging.default_notification_icon"
48-->src\main\AndroidManifest.xml:33:13-83
49            android:resource="@drawable/ic_add_alert" />
49-->src\main\AndroidManifest.xml:34:13-54
50
51        <activity
51-->src\main\AndroidManifest.xml:36:9-44:20
52            android:name="com.naijameals.driver.SplashActivity"
52-->src\main\AndroidManifest.xml:37:13-43
53            android:exported="true"
53-->src\main\AndroidManifest.xml:38:13-36
54            android:theme="@style/Theme.DriverApp.Splash" >
54-->src\main\AndroidManifest.xml:39:13-58
55            <intent-filter>
55-->src\main\AndroidManifest.xml:40:13-43:29
56                <action android:name="android.intent.action.MAIN" />
56-->src\main\AndroidManifest.xml:41:17-69
56-->src\main\AndroidManifest.xml:41:25-66
57
58                <category android:name="android.intent.category.LAUNCHER" />
58-->src\main\AndroidManifest.xml:42:17-77
58-->src\main\AndroidManifest.xml:42:27-74
59            </intent-filter>
60        </activity>
61        <activity
61-->src\main\AndroidManifest.xml:46:9-49:66
62            android:name="com.naijameals.driver.MainActivity"
62-->src\main\AndroidManifest.xml:47:13-41
63            android:exported="false"
63-->src\main\AndroidManifest.xml:48:13-37
64            android:theme="@style/Theme.DriverApp.NoActionBar" />
64-->src\main\AndroidManifest.xml:49:13-63
65        <activity
65-->src\main\AndroidManifest.xml:51:9-54:66
66            android:name="com.naijameals.driver.LoginActivity"
66-->src\main\AndroidManifest.xml:52:13-42
67            android:exported="false"
67-->src\main\AndroidManifest.xml:53:13-37
68            android:theme="@style/Theme.DriverApp.NoActionBar" />
68-->src\main\AndroidManifest.xml:54:13-63
69        <activity
69-->src\main\AndroidManifest.xml:56:9-59:66
70            android:name="com.naijameals.driver.RegisterActivity"
70-->src\main\AndroidManifest.xml:57:13-45
71            android:exported="false"
71-->src\main\AndroidManifest.xml:58:13-37
72            android:theme="@style/Theme.DriverApp.NoActionBar" />
72-->src\main\AndroidManifest.xml:59:13-63
73        <activity
73-->src\main\AndroidManifest.xml:61:9-66:58
74            android:name="com.naijameals.driver.PendingOrdersActivity"
74-->src\main\AndroidManifest.xml:62:13-50
75            android:exported="false"
75-->src\main\AndroidManifest.xml:63:13-37
76            android:label="@string/new_pending_order_title"
76-->src\main\AndroidManifest.xml:64:13-60
77            android:parentActivityName="com.naijameals.driver.MainActivity"
77-->src\main\AndroidManifest.xml:66:13-55
78            android:theme="@style/Theme.DriverApp" />
78-->src\main\AndroidManifest.xml:65:13-51
79        <activity
79-->src\main\AndroidManifest.xml:68:9-73:58
80            android:name="com.naijameals.driver.OngoingOrdersActivity"
80-->src\main\AndroidManifest.xml:69:13-50
81            android:exported="false"
81-->src\main\AndroidManifest.xml:70:13-37
82            android:label="@string/ongoing_orders_title"
82-->src\main\AndroidManifest.xml:71:13-57
83            android:parentActivityName="com.naijameals.driver.MainActivity"
83-->src\main\AndroidManifest.xml:73:13-55
84            android:theme="@style/Theme.DriverApp" />
84-->src\main\AndroidManifest.xml:72:13-51
85        <activity
85-->src\main\AndroidManifest.xml:75:9-80:58
86            android:name="com.naijameals.driver.CompletedOrdersActivity"
86-->src\main\AndroidManifest.xml:76:13-52
87            android:exported="false"
87-->src\main\AndroidManifest.xml:77:13-37
88            android:label="@string/completed_orders_title"
88-->src\main\AndroidManifest.xml:78:13-59
89            android:parentActivityName="com.naijameals.driver.MainActivity"
89-->src\main\AndroidManifest.xml:80:13-55
90            android:theme="@style/Theme.DriverApp" />
90-->src\main\AndroidManifest.xml:79:13-51
91        <activity
91-->src\main\AndroidManifest.xml:82:9-94:20
92            android:name="com.naijameals.driver.NewOrderActivity"
92-->src\main\AndroidManifest.xml:83:13-45
93            android:excludeFromRecents="true"
93-->src\main\AndroidManifest.xml:88:13-46
94            android:exported="true"
94-->src\main\AndroidManifest.xml:84:13-36
95            android:showWhenLocked="true"
95-->src\main\AndroidManifest.xml:86:13-42
96            android:theme="@style/Theme.DriverApp.NoActionBar"
96-->src\main\AndroidManifest.xml:85:13-63
97            android:turnScreenOn="true" >
97-->src\main\AndroidManifest.xml:87:13-40
98
99            <!-- FCM notification tap opens this activity (set click_action in Firebase Console) -->
100            <intent-filter>
100-->src\main\AndroidManifest.xml:90:13-93:29
101                <action android:name="com.naijameals.driver.OPEN_NEW_ORDER" />
101-->src\main\AndroidManifest.xml:91:17-79
101-->src\main\AndroidManifest.xml:91:25-76
102
103                <category android:name="android.intent.category.DEFAULT" />
103-->src\main\AndroidManifest.xml:92:17-76
103-->src\main\AndroidManifest.xml:92:27-73
104            </intent-filter>
105        </activity>
106
107        <service
107-->src\main\AndroidManifest.xml:96:9-102:19
108            android:name="com.naijameals.driver.service.DriverFirebaseMessagingService"
108-->src\main\AndroidManifest.xml:97:13-67
109            android:exported="false" >
109-->src\main\AndroidManifest.xml:98:13-37
110            <intent-filter>
110-->src\main\AndroidManifest.xml:99:13-101:29
111                <action android:name="com.google.firebase.MESSAGING_EVENT" />
111-->src\main\AndroidManifest.xml:100:17-78
111-->src\main\AndroidManifest.xml:100:25-75
112            </intent-filter>
113        </service>
114        <service
114-->src\main\AndroidManifest.xml:104:9-108:56
115            android:name="com.naijameals.driver.service.LocationForegroundService"
115-->src\main\AndroidManifest.xml:105:13-62
116            android:enabled="true"
116-->src\main\AndroidManifest.xml:106:13-35
117            android:exported="false"
117-->src\main\AndroidManifest.xml:107:13-37
118            android:foregroundServiceType="location" />
118-->src\main\AndroidManifest.xml:108:13-53
119
120        <receiver
120-->[com.google.firebase:firebase-messaging:23.4.0] AndroidManifest.xml:29:9-40:20
121            android:name="com.google.firebase.iid.FirebaseInstanceIdReceiver"
121-->[com.google.firebase:firebase-messaging:23.4.0] AndroidManifest.xml:30:13-78
122            android:exported="true"
122-->[com.google.firebase:firebase-messaging:23.4.0] AndroidManifest.xml:31:13-36
123            android:permission="com.google.android.c2dm.permission.SEND" >
123-->[com.google.firebase:firebase-messaging:23.4.0] AndroidManifest.xml:32:13-73
124            <intent-filter>
124-->[com.google.firebase:firebase-messaging:23.4.0] AndroidManifest.xml:33:13-35:29
125                <action android:name="com.google.android.c2dm.intent.RECEIVE" />
125-->[com.google.firebase:firebase-messaging:23.4.0] AndroidManifest.xml:34:17-81
125-->[com.google.firebase:firebase-messaging:23.4.0] AndroidManifest.xml:34:25-78
126            </intent-filter>
127
128            <meta-data
128-->[com.google.firebase:firebase-messaging:23.4.0] AndroidManifest.xml:37:13-39:40
129                android:name="com.google.android.gms.cloudmessaging.FINISHED_AFTER_HANDLED"
129-->[com.google.firebase:firebase-messaging:23.4.0] AndroidManifest.xml:38:17-92
130                android:value="true" />
130-->[com.google.firebase:firebase-messaging:23.4.0] AndroidManifest.xml:39:17-37
131        </receiver>
132        <!--
133             FirebaseMessagingService performs security checks at runtime,
134             but set to not exported to explicitly avoid allowing another app to call it.
135        -->
136        <service
136-->[com.google.firebase:firebase-messaging:23.4.0] AndroidManifest.xml:46:9-53:19
137            android:name="com.google.firebase.messaging.FirebaseMessagingService"
137-->[com.google.firebase:firebase-messaging:23.4.0] AndroidManifest.xml:47:13-82
138            android:directBootAware="true"
138-->[com.google.firebase:firebase-messaging:23.4.0] AndroidManifest.xml:48:13-43
139            android:exported="false" >
139-->[com.google.firebase:firebase-messaging:23.4.0] AndroidManifest.xml:49:13-37
140            <intent-filter android:priority="-500" >
140-->src\main\AndroidManifest.xml:99:13-101:29
141                <action android:name="com.google.firebase.MESSAGING_EVENT" />
141-->src\main\AndroidManifest.xml:100:17-78
141-->src\main\AndroidManifest.xml:100:25-75
142            </intent-filter>
143        </service>
144        <service
144-->[com.google.firebase:firebase-messaging:23.4.0] AndroidManifest.xml:54:9-63:19
145            android:name="com.google.firebase.components.ComponentDiscoveryService"
145-->[com.google.firebase:firebase-messaging:23.4.0] AndroidManifest.xml:55:13-84
146            android:directBootAware="true"
146-->[com.google.firebase:firebase-common:20.4.2] AndroidManifest.xml:32:13-43
147            android:exported="false" >
147-->[com.google.firebase:firebase-messaging:23.4.0] AndroidManifest.xml:56:13-37
148            <meta-data
148-->[com.google.firebase:firebase-messaging:23.4.0] AndroidManifest.xml:57:13-59:85
149                android:name="com.google.firebase.components:com.google.firebase.messaging.FirebaseMessagingKtxRegistrar"
149-->[com.google.firebase:firebase-messaging:23.4.0] AndroidManifest.xml:58:17-122
150                android:value="com.google.firebase.components.ComponentRegistrar" />
150-->[com.google.firebase:firebase-messaging:23.4.0] AndroidManifest.xml:59:17-82
151            <meta-data
151-->[com.google.firebase:firebase-messaging:23.4.0] AndroidManifest.xml:60:13-62:85
152                android:name="com.google.firebase.components:com.google.firebase.messaging.FirebaseMessagingRegistrar"
152-->[com.google.firebase:firebase-messaging:23.4.0] AndroidManifest.xml:61:17-119
153                android:value="com.google.firebase.components.ComponentRegistrar" />
153-->[com.google.firebase:firebase-messaging:23.4.0] AndroidManifest.xml:62:17-82
154            <meta-data
154-->[com.google.firebase:firebase-datatransport:18.1.7] AndroidManifest.xml:27:13-29:85
155                android:name="com.google.firebase.components:com.google.firebase.datatransport.TransportRegistrar"
155-->[com.google.firebase:firebase-datatransport:18.1.7] AndroidManifest.xml:28:17-115
156                android:value="com.google.firebase.components.ComponentRegistrar" />
156-->[com.google.firebase:firebase-datatransport:18.1.7] AndroidManifest.xml:29:17-82
157            <meta-data
157-->[com.google.firebase:firebase-installations:17.2.0] AndroidManifest.xml:15:13-17:85
158                android:name="com.google.firebase.components:com.google.firebase.installations.FirebaseInstallationsKtxRegistrar"
158-->[com.google.firebase:firebase-installations:17.2.0] AndroidManifest.xml:16:17-130
159                android:value="com.google.firebase.components.ComponentRegistrar" />
159-->[com.google.firebase:firebase-installations:17.2.0] AndroidManifest.xml:17:17-82
160            <meta-data
160-->[com.google.firebase:firebase-installations:17.2.0] AndroidManifest.xml:18:13-20:85
161                android:name="com.google.firebase.components:com.google.firebase.installations.FirebaseInstallationsRegistrar"
161-->[com.google.firebase:firebase-installations:17.2.0] AndroidManifest.xml:19:17-127
162                android:value="com.google.firebase.components.ComponentRegistrar" />
162-->[com.google.firebase:firebase-installations:17.2.0] AndroidManifest.xml:20:17-82
163            <meta-data
163-->[com.google.firebase:firebase-common-ktx:20.4.2] AndroidManifest.xml:12:13-14:85
164                android:name="com.google.firebase.components:com.google.firebase.ktx.FirebaseCommonLegacyRegistrar"
164-->[com.google.firebase:firebase-common-ktx:20.4.2] AndroidManifest.xml:13:17-116
165                android:value="com.google.firebase.components.ComponentRegistrar" />
165-->[com.google.firebase:firebase-common-ktx:20.4.2] AndroidManifest.xml:14:17-82
166            <meta-data
166-->[com.google.firebase:firebase-common:20.4.2] AndroidManifest.xml:35:13-37:85
167                android:name="com.google.firebase.components:com.google.firebase.FirebaseCommonKtxRegistrar"
167-->[com.google.firebase:firebase-common:20.4.2] AndroidManifest.xml:36:17-109
168                android:value="com.google.firebase.components.ComponentRegistrar" />
168-->[com.google.firebase:firebase-common:20.4.2] AndroidManifest.xml:37:17-82
169        </service>
170        <service
170-->[com.google.android.datatransport:transport-backend-cct:3.1.8] AndroidManifest.xml:28:9-34:19
171            android:name="com.google.android.datatransport.runtime.backends.TransportBackendDiscovery"
171-->[com.google.android.datatransport:transport-backend-cct:3.1.8] AndroidManifest.xml:29:13-103
172            android:exported="false" >
172-->[com.google.android.datatransport:transport-backend-cct:3.1.8] AndroidManifest.xml:30:13-37
173            <meta-data
173-->[com.google.android.datatransport:transport-backend-cct:3.1.8] AndroidManifest.xml:31:13-33:39
174                android:name="backend:com.google.android.datatransport.cct.CctBackendFactory"
174-->[com.google.android.datatransport:transport-backend-cct:3.1.8] AndroidManifest.xml:32:17-94
175                android:value="cct" />
175-->[com.google.android.datatransport:transport-backend-cct:3.1.8] AndroidManifest.xml:33:17-36
176        </service>
177        <service
177-->[com.google.android.datatransport:transport-runtime:3.1.8] AndroidManifest.xml:26:9-30:19
178            android:name="com.google.android.datatransport.runtime.scheduling.jobscheduling.JobInfoSchedulerService"
178-->[com.google.android.datatransport:transport-runtime:3.1.8] AndroidManifest.xml:27:13-117
179            android:exported="false"
179-->[com.google.android.datatransport:transport-runtime:3.1.8] AndroidManifest.xml:28:13-37
180            android:permission="android.permission.BIND_JOB_SERVICE" >
180-->[com.google.android.datatransport:transport-runtime:3.1.8] AndroidManifest.xml:29:13-69
181        </service>
182
183        <receiver
183-->[com.google.android.datatransport:transport-runtime:3.1.8] AndroidManifest.xml:32:9-34:40
184            android:name="com.google.android.datatransport.runtime.scheduling.jobscheduling.AlarmManagerSchedulerBroadcastReceiver"
184-->[com.google.android.datatransport:transport-runtime:3.1.8] AndroidManifest.xml:33:13-132
185            android:exported="false" />
185-->[com.google.android.datatransport:transport-runtime:3.1.8] AndroidManifest.xml:34:13-37
186
187        <provider
187-->[com.google.firebase:firebase-common:20.4.2] AndroidManifest.xml:23:9-28:39
188            android:name="com.google.firebase.provider.FirebaseInitProvider"
188-->[com.google.firebase:firebase-common:20.4.2] AndroidManifest.xml:24:13-77
189            android:authorities="com.naijameals.driver.firebaseinitprovider"
189-->[com.google.firebase:firebase-common:20.4.2] AndroidManifest.xml:25:13-72
190            android:directBootAware="true"
190-->[com.google.firebase:firebase-common:20.4.2] AndroidManifest.xml:26:13-43
191            android:exported="false"
191-->[com.google.firebase:firebase-common:20.4.2] AndroidManifest.xml:27:13-37
192            android:initOrder="100" />
192-->[com.google.firebase:firebase-common:20.4.2] AndroidManifest.xml:28:13-36
193        <provider
193-->[androidx.emoji2:emoji2:1.2.0] AndroidManifest.xml:24:9-32:20
194            android:name="androidx.startup.InitializationProvider"
194-->[androidx.emoji2:emoji2:1.2.0] AndroidManifest.xml:25:13-67
195            android:authorities="com.naijameals.driver.androidx-startup"
195-->[androidx.emoji2:emoji2:1.2.0] AndroidManifest.xml:26:13-68
196            android:exported="false" >
196-->[androidx.emoji2:emoji2:1.2.0] AndroidManifest.xml:27:13-37
197            <meta-data
197-->[androidx.emoji2:emoji2:1.2.0] AndroidManifest.xml:29:13-31:52
198                android:name="androidx.emoji2.text.EmojiCompatInitializer"
198-->[androidx.emoji2:emoji2:1.2.0] AndroidManifest.xml:30:17-75
199                android:value="androidx.startup" />
199-->[androidx.emoji2:emoji2:1.2.0] AndroidManifest.xml:31:17-49
200            <meta-data
200-->[androidx.lifecycle:lifecycle-process:2.6.1] AndroidManifest.xml:29:13-31:52
201                android:name="androidx.lifecycle.ProcessLifecycleInitializer"
201-->[androidx.lifecycle:lifecycle-process:2.6.1] AndroidManifest.xml:30:17-78
202                android:value="androidx.startup" />
202-->[androidx.lifecycle:lifecycle-process:2.6.1] AndroidManifest.xml:31:17-49
203            <meta-data
203-->[androidx.profileinstaller:profileinstaller:1.3.0] AndroidManifest.xml:29:13-31:52
204                android:name="androidx.profileinstaller.ProfileInstallerInitializer"
204-->[androidx.profileinstaller:profileinstaller:1.3.0] AndroidManifest.xml:30:17-85
205                android:value="androidx.startup" />
205-->[androidx.profileinstaller:profileinstaller:1.3.0] AndroidManifest.xml:31:17-49
206        </provider>
207
208        <activity
208-->[com.google.android.gms:play-services-base:18.1.0] AndroidManifest.xml:20:9-22:45
209            android:name="com.google.android.gms.common.api.GoogleApiActivity"
209-->[com.google.android.gms:play-services-base:18.1.0] AndroidManifest.xml:20:19-85
210            android:exported="false"
210-->[com.google.android.gms:play-services-base:18.1.0] AndroidManifest.xml:22:19-43
211            android:theme="@android:style/Theme.Translucent.NoTitleBar" />
211-->[com.google.android.gms:play-services-base:18.1.0] AndroidManifest.xml:21:19-78
212
213        <meta-data
213-->[com.google.android.gms:play-services-basement:18.1.0] AndroidManifest.xml:21:9-23:69
214            android:name="com.google.android.gms.version"
214-->[com.google.android.gms:play-services-basement:18.1.0] AndroidManifest.xml:22:13-58
215            android:value="@integer/google_play_services_version" />
215-->[com.google.android.gms:play-services-basement:18.1.0] AndroidManifest.xml:23:13-66
216
217        <receiver
217-->[androidx.profileinstaller:profileinstaller:1.3.0] AndroidManifest.xml:34:9-52:20
218            android:name="androidx.profileinstaller.ProfileInstallReceiver"
218-->[androidx.profileinstaller:profileinstaller:1.3.0] AndroidManifest.xml:35:13-76
219            android:directBootAware="false"
219-->[androidx.profileinstaller:profileinstaller:1.3.0] AndroidManifest.xml:36:13-44
220            android:enabled="true"
220-->[androidx.profileinstaller:profileinstaller:1.3.0] AndroidManifest.xml:37:13-35
221            android:exported="true"
221-->[androidx.profileinstaller:profileinstaller:1.3.0] AndroidManifest.xml:38:13-36
222            android:permission="android.permission.DUMP" >
222-->[androidx.profileinstaller:profileinstaller:1.3.0] AndroidManifest.xml:39:13-57
223            <intent-filter>
223-->[androidx.profileinstaller:profileinstaller:1.3.0] AndroidManifest.xml:40:13-42:29
224                <action android:name="androidx.profileinstaller.action.INSTALL_PROFILE" />
224-->[androidx.profileinstaller:profileinstaller:1.3.0] AndroidManifest.xml:41:17-91
224-->[androidx.profileinstaller:profileinstaller:1.3.0] AndroidManifest.xml:41:25-88
225            </intent-filter>
226            <intent-filter>
226-->[androidx.profileinstaller:profileinstaller:1.3.0] AndroidManifest.xml:43:13-45:29
227                <action android:name="androidx.profileinstaller.action.SKIP_FILE" />
227-->[androidx.profileinstaller:profileinstaller:1.3.0] AndroidManifest.xml:44:17-85
227-->[androidx.profileinstaller:profileinstaller:1.3.0] AndroidManifest.xml:44:25-82
228            </intent-filter>
229            <intent-filter>
229-->[androidx.profileinstaller:profileinstaller:1.3.0] AndroidManifest.xml:46:13-48:29
230                <action android:name="androidx.profileinstaller.action.SAVE_PROFILE" />
230-->[androidx.profileinstaller:profileinstaller:1.3.0] AndroidManifest.xml:47:17-88
230-->[androidx.profileinstaller:profileinstaller:1.3.0] AndroidManifest.xml:47:25-85
231            </intent-filter>
232            <intent-filter>
232-->[androidx.profileinstaller:profileinstaller:1.3.0] AndroidManifest.xml:49:13-51:29
233                <action android:name="androidx.profileinstaller.action.BENCHMARK_OPERATION" />
233-->[androidx.profileinstaller:profileinstaller:1.3.0] AndroidManifest.xml:50:17-95
233-->[androidx.profileinstaller:profileinstaller:1.3.0] AndroidManifest.xml:50:25-92
234            </intent-filter>
235        </receiver>
236    </application>
237
238</manifest>